Added Component: Designator=K3(XH4 2.54 H)
Added Component: Designator=K4(XH4 2.54 H)
Added Component: Designator=K5(XH4 2.54 H)
Added Component: Designator=K6(XH4 2.54 H)
Added Component: Designator=K7(XH4 2.54 H)
Added Component: Designator=K8(XH4 2.54 H)
Added Pin To Net: NetName=DATA UIT_3 Pin=K3-1
Added Pin To Net: NetName=DATA UIT_4 Pin=K3-2
Added Pin To Net: NetName=5V Pin=K3-3
Added Pin To Net: NetName=GND Pin=K3-4
Added Pin To Net: NetName=DATA UIT_2 Pin=K4-1
Added Pin To Net: NetName=DATA UIT_3 Pin=K4-2
Added Pin To Net: NetName=5V Pin=K4-3
Added Pin To Net: NetName=GND Pin=K4-4
Added Pin To Net: NetName=DATA UIT_1 Pin=K5-1
Added Pin To Net: NetName=DATA UIT_2 Pin=K5-2
Added Pin To Net: NetName=5V Pin=K5-3
Added Pin To Net: NetName=GND Pin=K5-4
Added Pin To Net: NetName=DATA IN_1 Pin=K6-1
Added Pin To Net: NetName=DATA UIT_1 Pin=K6-2
Added Pin To Net: NetName=5V Pin=K6-3
Added Pin To Net: NetName=GND Pin=K6-4
Added Pin To Net: NetName=5V Pin=K7-1
Added Pin To Net: NetName=CS_5V Pin=K7-2
Added Pin To Net: NetName=MOSI_5V Pin=K7-3
Added Pin To Net: NetName=MISO_5V Pin=K7-4
Added Pin To Net: NetName=SCK_5V Pin=K8-1
Added Pin To Net: NetName=RESET_5V Pin=K8-2
Added Pin To Net: NetName=GND Pin=K8-3
Added Member To Class: ClassName=General Overview Member=Component K3 XH4 2.54 H
Added Member To Class: ClassName=General Overview Member=Component K4 XH4 2.54 H
Added Member To Class: ClassName=General Overview Member=Component K5 XH4 2.54 H
Added Member To Class: ClassName=General Overview Member=Component K6 XH4 2.54 H
Added Member To Class: ClassName=General Overview Member=Component K7 XH4 2.54 H
Added Member To Class: ClassName=General Overview Member=Component K8 XH4 2.54 H
