Removed Pin From Net: NetName=DATA IN_1 Pin=K8-1
Removed Pin From Net: NetName=DATA UIT_1 Pin=K8-2
Removed Pin From Net: NetName=5V Pin=K8-3
Removed Pin From Net: NetName=GND Pin=K8-4
Removed Pin From Net: NetName=LCD_LED Pin=K10-3
Removed Pin From Net: NetName=DATA IN_1 Pin=U1-9
Removed Pin From Net: NetName=DATA UIT_4 Pin=U1-10
Added Component: Designator=C1(0603C-GENERIC)
Added Component: Designator=C2(0603C-GENERIC)
Added Component: Designator=K8(XH4 2.54 H)
Added Component: Designator=K11(XH4 2.54 H)
Added Component: Designator=Q3(SOT23-GDS)
Added Component: Designator=Q4(SOT23-GDS)
Added Component: Designator=Q5(SOT23-GDS)
Added Component: Designator=Q6(SOT23-GDS)
Added Component: Designator=R13(0805R-10K)
Added Component: Designator=R14(0805R-10K)
Added Component: Designator=R15(0805R-10K)
Added Component: Designator=R16(0805R-10K)
Added Component: Designator=R17(0805R-10K)
Added Component: Designator=R18(0805R-10K)
Added Component: Designator=R19(0805R-10K)
Added Component: Designator=R20(0805R-10K)
Added Component: Designator=U3(SO8)
Added Component: Designator=VR2(SOT223)
Added Component: Designator=X1(HC49_US TH)
Added Pin To Net: NetName=GND Pin=C1-2
Added Pin To Net: NetName=GND Pin=C2-2
Added Pin To Net: NetName=RESET_5V Pin=K4-3
Added Pin To Net: NetName=DATA IN_1 Pin=K8-1
Added Pin To Net: NetName=DATA UIT_1 Pin=K8-2
Added Pin To Net: NetName=5V Pin=K8-3
Added Pin To Net: NetName=GND Pin=K8-4
Added Pin To Net: NetName=5V Pin=Q3-G
Added Pin To Net: NetName=SCK_5V Pin=Q4-D
Added Pin To Net: NetName=5V Pin=Q4-G
Added Pin To Net: NetName=5V Pin=Q5-G
Added Pin To Net: NetName=MISO_5V Pin=Q5-S
Added Pin To Net: NetName=MOSI_5V Pin=Q6-D
Added Pin To Net: NetName=5V Pin=Q6-G
Added Pin To Net: NetName=5V Pin=R13-1
Added Pin To Net: NetName=5V Pin=R16-1
Added Pin To Net: NetName=SCK_5V Pin=R16-2
Added Pin To Net: NetName=5V Pin=R17-1
Added Pin To Net: NetName=MISO_5V Pin=R17-2
Added Pin To Net: NetName=5V Pin=R20-1
Added Pin To Net: NetName=MOSI_5V Pin=R20-2
Added Pin To Net: NetName=GND Pin=U1-3
Added Pin To Net: NetName=5V Pin=U1-4
Added Pin To Net: NetName=GND Pin=U1-5
Added Pin To Net: NetName=5V Pin=U1-6
Added Pin To Net: NetName=DATA IN_1 Pin=U1-11
Added Pin To Net: NetName=DATA UIT_4 Pin=U1-12
Added Pin To Net: NetName=5V Pin=U1-18
Added Pin To Net: NetName=5V Pin=U1-20
Added Pin To Net: NetName=GND Pin=U1-21
Added Pin To Net: NetName=PB_PLUS1 Pin=U1-23
Added Pin To Net: NetName=PB_PLUS2 Pin=U1-24
Added Pin To Net: NetName=PB_PLUS3 Pin=U1-25
Added Pin To Net: NetName=PB_PLUS4 Pin=U1-26
Added Pin To Net: NetName=5V Pin=U2-3
Added Pin To Net: NetName=GND Pin=U2-4
Added Pin To Net: NetName=GND Pin=U2-5
Added Pin To Net: NetName=GND Pin=U2-7
Added Pin To Net: NetName=5V Pin=U2-14
Added Pin To Net: NetName=GND Pin=U3-4
Added Pin To Net: NetName=GND Pin=VR2-1
Added Pin To Net: NetName=5V Pin=VR2-3
Added Pin To Net: NetName=3V3_2 Pin=K10-3
Added Pin To Net: NetName=3V3_2 Pin=R14-1
Added Pin To Net: NetName=3V3_2 Pin=R15-1
Added Pin To Net: NetName=3V3_2 Pin=R18-1
Added Pin To Net: NetName=3V3_2 Pin=R19-1
Added Pin To Net: NetName=3V3_2 Pin=U3-6
Added Pin To Net: NetName=3V3_2 Pin=VR2-2
Added Pin To Net: NetName=3V3_2 Pin=VR2-4
Added Net: Name=3V3_2
Added Pin To Net: NetName=CKI Pin=U1-10
Added Pin To Net: NetName=CKI Pin=U2-1
Added Net: Name=CKI
Added Pin To Net: NetName=CS2_5V Pin=Q3-S
Added Pin To Net: NetName=CS2_5V Pin=R13-2
Added Pin To Net: NetName=CS2_5V Pin=U1-13
Added Net: Name=CS2_5V
Added Pin To Net: NetName=NetC1_1 Pin=C1-1
Added Pin To Net: NetName=NetC1_1 Pin=U1-7
Added Pin To Net: NetName=NetC1_1 Pin=X1-1
Added Net: Name=NetC1_1
Added Pin To Net: NetName=NetC2_1 Pin=C2-1
Added Pin To Net: NetName=NetC2_1 Pin=U1-8
Added Pin To Net: NetName=NetC2_1 Pin=X1-2
Added Net: Name=NetC2_1
Added Pin To Net: NetName=NetQ3_D Pin=Q3-D
Added Pin To Net: NetName=NetQ3_D Pin=R14-2
Added Pin To Net: NetName=NetQ3_D Pin=U3-1
Added Net: Name=NetQ3_D
Added Pin To Net: NetName=NetQ4_S Pin=Q4-S
Added Pin To Net: NetName=NetQ4_S Pin=R15-2
Added Pin To Net: NetName=NetQ4_S Pin=U3-6
Added Net: Name=NetQ4_S
Added Pin To Net: NetName=NetQ5_D Pin=Q5-D
Added Pin To Net: NetName=NetQ5_D Pin=R18-2
Added Pin To Net: NetName=NetQ5_D Pin=U3-2
Added Net: Name=NetQ5_D
Added Pin To Net: NetName=NetQ6_S Pin=Q6-S
Added Pin To Net: NetName=NetQ6_S Pin=R19-2
Added Pin To Net: NetName=NetQ6_S Pin=U3-5
Added Net: Name=NetQ6_S
Added Pin To Net: NetName=PB_PLUS5 Pin=K11-1
Added Net: Name=PB_PLUS5
Added Pin To Net: NetName=PB_PLUS6 Pin=K11-2
Added Net: Name=PB_PLUS6
Added Pin To Net: NetName=PB_PLUS7 Pin=K11-3
Added Net: Name=PB_PLUS7
Added Pin To Net: NetName=PB_PLUS8 Pin=K11-4
Added Pin To Net: NetName=PB_PLUS8 Pin=U1-1
Added Net: Name=PB_PLUS8
Added Pin To Net: NetName=SDI Pin=U1-9
Added Pin To Net: NetName=SDI Pin=U2-2
Added Net: Name=SDI
Added Member To Class: ClassName=General Overview Member=Component C1 18pF
Added Member To Class: ClassName=General Overview Member=Component C2 18pF
Added Member To Class: ClassName=General Overview Member=Component K8 XH4 2.54 H
Added Member To Class: ClassName=General Overview Member=Component K11 XH4 2.54 H
Added Member To Class: ClassName=General Overview Member=Component Q3 BSS138
Added Member To Class: ClassName=General Overview Member=Component Q4 BSS138
Added Member To Class: ClassName=General Overview Member=Component Q5 BSS138
Added Member To Class: ClassName=General Overview Member=Component Q6 BSS138
Added Member To Class: ClassName=General Overview Member=Component R13 10K
Added Member To Class: ClassName=General Overview Member=Component R14 10K
Added Member To Class: ClassName=General Overview Member=Component R15 10K
Added Member To Class: ClassName=General Overview Member=Component R16 10K
Added Member To Class: ClassName=General Overview Member=Component R17 10K
Added Member To Class: ClassName=General Overview Member=Component R18 10K
Added Member To Class: ClassName=General Overview Member=Component R19 10K
Added Member To Class: ClassName=General Overview Member=Component R20 10K
Added Member To Class: ClassName=General Overview Member=Component U3 W25Q32
Added Member To Class: ClassName=General Overview Member=Component VR2 LD1117-SOT223
Added Member To Class: ClassName=General Overview Member=Component X1 16MC
